{"/Users/gouravkumar/Documents/projects/react-native-projects/guessing-game/assets/images/success.png": {"path":"/Users/gouravkumar/Documents/projects/react-native-projects/guessing-game/assets/images/success.png","statementMap":{"0":{"start":{"line":1,"column":0},"end":{"line":4,"column":6}}},"fnMap":{},"branchMap":{},"s":{"0":1},"f":{},"b":{},"_coverageSchema":"1a1c01bbd47fc00a2c39e90264f33305004495a9","hash":"aac2626febf8b78290438f63c618c8bfe3fc5e9b"}
,"/Users/gouravkumar/Documents/projects/react-native-projects/guessing-game/components/ui/card/index.js": {"path":"/Users/gouravkumar/Documents/projects/react-native-projects/guessing-game/components/ui/card/index.js","statementMap":{"0":{"start":{"line":4,"column":13},"end":{"line":6,"column":1}},"1":{"start":{"line":5,"column":2},"end":{"line":5,"column":53}}},"fnMap":{"0":{"name":"(anonymous_0)","decl":{"start":{"line":4,"column":13},"end":{"line":4,"column":14}},"loc":{"start":{"line":4,"column":31},"end":{"line":6,"column":1}},"line":4}},"branchMap":{},"s":{"0":3,"1":17},"f":{"0":17},"b":{},"_coverageSchema":"1a1c01bbd47fc00a2c39e90264f33305004495a9","hash":"d92ab7180186123f2608e42f1c4b31dd2605e76a"}
,"/Users/gouravkumar/Documents/projects/react-native-projects/guessing-game/components/ui/card/style.js": {"path":"/Users/gouravkumar/Documents/projects/react-native-projects/guessing-game/components/ui/card/style.js","statementMap":{"0":{"start":{"line":4,"column":22},"end":{"line":19,"column":2}}},"fnMap":{},"branchMap":{},"s":{"0":3},"f":{},"b":{},"_coverageSchema":"1a1c01bbd47fc00a2c39e90264f33305004495a9","hash":"0f94d9b99b5c00ba9fb154c3342d2e04efb7109b"}
,"/Users/gouravkumar/Documents/projects/react-native-projects/guessing-game/components/ui/instruction-text/index.js": {"path":"/Users/gouravkumar/Documents/projects/react-native-projects/guessing-game/components/ui/instruction-text/index.js","statementMap":{"0":{"start":{"line":4,"column":24},"end":{"line":6,"column":1}},"1":{"start":{"line":5,"column":2},"end":{"line":5,"column":73}}},"fnMap":{"0":{"name":"(anonymous_0)","decl":{"start":{"line":4,"column":24},"end":{"line":4,"column":25}},"loc":{"start":{"line":4,"column":49},"end":{"line":6,"column":1}},"line":4}},"branchMap":{},"s":{"0":2,"1":5},"f":{"0":5},"b":{},"_coverageSchema":"1a1c01bbd47fc00a2c39e90264f33305004495a9","hash":"e3c37e6b0f52aed95c95993536adfd58914d1883"}
,"/Users/gouravkumar/Documents/projects/react-native-projects/guessing-game/components/ui/instruction-text/style.js": {"path":"/Users/gouravkumar/Documents/projects/react-native-projects/guessing-game/components/ui/instruction-text/style.js","statementMap":{"0":{"start":{"line":4,"column":22},"end":{"line":10,"column":2}}},"fnMap":{},"branchMap":{},"s":{"0":2},"f":{},"b":{},"_coverageSchema":"1a1c01bbd47fc00a2c39e90264f33305004495a9","hash":"82b0017da20bbb240761c4bfa4daa28baa82022a"}
,"/Users/gouravkumar/Documents/projects/react-native-projects/guessing-game/components/ui/title/index.js": {"path":"/Users/gouravkumar/Documents/projects/react-native-projects/guessing-game/components/ui/title/index.js","statementMap":{"0":{"start":{"line":4,"column":14},"end":{"line":6,"column":1}},"1":{"start":{"line":5,"column":2},"end":{"line":5,"column":54}}},"fnMap":{"0":{"name":"(anonymous_0)","decl":{"start":{"line":4,"column":14},"end":{"line":4,"column":15}},"loc":{"start":{"line":4,"column":32},"end":{"line":6,"column":1}},"line":4}},"branchMap":{},"s":{"0":1,"1":1},"f":{"0":1},"b":{},"_coverageSchema":"1a1c01bbd47fc00a2c39e90264f33305004495a9","hash":"00343fe73525d9325bed500a52cec9857ff2d436"}
,"/Users/gouravkumar/Documents/projects/react-native-projects/guessing-game/components/ui/title/style.js": {"path":"/Users/gouravkumar/Documents/projects/react-native-projects/guessing-game/components/ui/title/style.js","statementMap":{"0":{"start":{"line":3,"column":22},"end":{"line":13,"column":2}}},"fnMap":{},"branchMap":{},"s":{"0":1},"f":{},"b":{},"_coverageSchema":"1a1c01bbd47fc00a2c39e90264f33305004495a9","hash":"21fd942afa806eeb37bc7ab0bfb70b36bc6f7ea4"}
,"/Users/gouravkumar/Documents/projects/react-native-projects/guessing-game/constants/colors.js": {"path":"/Users/gouravkumar/Documents/projects/react-native-projects/guessing-game/constants/colors.js","statementMap":{"0":{"start":{"line":1,"column":22},"end":{"line":7,"column":1}}},"fnMap":{},"branchMap":{},"s":{"0":8},"f":{},"b":{},"_coverageSchema":"1a1c01bbd47fc00a2c39e90264f33305004495a9","hash":"ff7a9fbed2f74abb78b8e8dfbfa2610704bc62c5"}
,"/Users/gouravkumar/Documents/projects/react-native-projects/guessing-game/screens/start-game-screen/index.js": {"path":"/Users/gouravkumar/Documents/projects/react-native-projects/guessing-game/screens/start-game-screen/index.js","statementMap":{"0":{"start":{"line":9,"column":24},"end":{"line":58,"column":1}},"1":{"start":{"line":10,"column":44},"end":{"line":10,"column":56}},"2":{"start":{"line":11,"column":29},"end":{"line":13,"column":3}},"3":{"start":{"line":12,"column":4},"end":{"line":12,"column":34}},"4":{"start":{"line":15,"column":28},"end":{"line":17,"column":3}},"5":{"start":{"line":16,"column":4},"end":{"line":16,"column":25}},"6":{"start":{"line":18,"column":30},"end":{"line":31,"column":3}},"7":{"start":{"line":19,"column":25},"end":{"line":19,"column":48}},"8":{"start":{"line":21,"column":4},"end":{"line":28,"column":5}},"9":{"start":{"line":22,"column":6},"end":{"line":26,"column":8}},"10":{"start":{"line":27,"column":6},"end":{"line":27,"column":13}},"11":{"start":{"line":30,"column":4},"end":{"line":30,"column":31}},"12":{"start":{"line":32,"column":2},"end":{"line":57,"column":4}}},"fnMap":{"0":{"name":"(anonymous_0)","decl":{"start":{"line":9,"column":24},"end":{"line":9,"column":25}},"loc":{"start":{"line":9,"column":46},"end":{"line":58,"column":1}},"line":9},"1":{"name":"(anonymous_1)","decl":{"start":{"line":11,"column":29},"end":{"line":11,"column":30}},"loc":{"start":{"line":11,"column":46},"end":{"line":13,"column":3}},"line":11},"2":{"name":"(anonymous_2)","decl":{"start":{"line":15,"column":28},"end":{"line":15,"column":29}},"loc":{"start":{"line":15,"column":34},"end":{"line":17,"column":3}},"line":15},"3":{"name":"(anonymous_3)","decl":{"start":{"line":18,"column":30},"end":{"line":18,"column":31}},"loc":{"start":{"line":18,"column":36},"end":{"line":31,"column":3}},"line":18}},"branchMap":{"0":{"loc":{"start":{"line":21,"column":4},"end":{"line":28,"column":5}},"type":"if","locations":[{"start":{"line":21,"column":4},"end":{"line":28,"column":5}},{"start":{},"end":{}}],"line":21},"1":{"loc":{"start":{"line":21,"column":8},"end":{"line":21,"column":69}},"type":"binary-expr","locations":[{"start":{"line":21,"column":8},"end":{"line":21,"column":27}},{"start":{"line":21,"column":31},"end":{"line":21,"column":48}},{"start":{"line":21,"column":52},"end":{"line":21,"column":69}}],"line":21}},"s":{"0":1,"1":12,"2":12,"3":3,"4":12,"5":1,"6":12,"7":2,"8":2,"9":1,"10":1,"11":1,"12":12},"f":{"0":12,"1":3,"2":1,"3":2},"b":{"0":[1,1],"1":[2,2,2]},"_coverageSchema":"1a1c01bbd47fc00a2c39e90264f33305004495a9","hash":"7d81e8555045e499ce5cf6a4ee387f2c459cf319"}
,"/Users/gouravkumar/Documents/projects/react-native-projects/guessing-game/screens/start-game-screen/style.js": {"path":"/Users/gouravkumar/Documents/projects/react-native-projects/guessing-game/screens/start-game-screen/style.js","statementMap":{"0":{"start":{"line":4,"column":22},"end":{"line":27,"column":2}}},"fnMap":{},"branchMap":{},"s":{"0":1},"f":{},"b":{},"_coverageSchema":"1a1c01bbd47fc00a2c39e90264f33305004495a9","hash":"e7fa675186a24985fe864698ffd6641aa6c30527"}
}
